<?xml version="1.0" encoding="UTF-8"?>
<?xml-stylesheet type="text/xsl" href="file:/home/dragos/Oxygen%20XML%20Editor%2022/frameworks/xspec/src/reporter/format-xspec-report.xsl"?>
<x:report xmlns:test="http://www.jenitennison.com/xslt/unit-test"
          xmlns:xs="http://www.w3.org/2001/XMLSchema"
          xmlns:x="http://www.jenitennison.com/xslt/xspec"
          xmlns:xmi="http://www.omg.org/spec/XMI/20131001"
          stylesheet="file:/home/dragos/src/eprocurementontology/eprocurementontology/general/06_Deliverables/WP2-ePo-ontology-core/script/naming-utils.xsl"
          date="2020-03-08T12:16:07.19565Z"
          xspec="file:/home/dragos/src/eprocurementontology/eprocurementontology/general/06_Deliverables/WP2-ePo-ontology-core/script/test/test-uri-helpers.xspec">
   <x:scenario>
      <x:label>Scenario for testing function buildElementURI</x:label>
      <x:call template="buildElementURI">
         <x:param name="xmiElement"
                  select="doc('file:/home/lps/work/workspace-charm/eprocurementontology/general/06_Deliverables/WP2-ePo-ontology-core/test/ePO-CM_v2.0.1.eap.xmi')//xmi:Extension/elements/element[@xmi:type = 'uml:Class' and @name='Organization']"/>
         <x:param name="root"
                  select="doc('file:/home/lps/work/workspace-charm/eprocurementontology/general/06_Deliverables/WP2-ePo-ontology-core/test/ePO-CM_v2.0.1.eap.xmi')"/>
      </x:call>
